Arguments: 
  D:\ruanjian\node\node.exe C:\Users\PC\AppData\Roaming\npm\node_modules\yarn\bin\yarn.js init

PATH: 
  C:\Users\PC\bin;D:\ruanjian\git\Git\mingw64\bin;D:\ruanjian\git\Git\usr\local\bin;D:\ruanjian\git\Git\usr\bin;D:\ruanjian\git\Git\usr\bin;D:\ruanjian\git\Git\mingw64\bin;D:\ruanjian\git\Git\usr\bin;C:\Users\PC\bin;C:\Windows\system32;C:\Windows;C:\Windows\System32\Wbem;C:\Windows\System32\WindowsPowerShell\v1.0;C:\Windows\System32\OpenSSH;D:\ruanjian\node;D:\ruanjian\微信web开发者工具\dll;D:\ruanjian\git\Git\cmd;C:\Program Files\TortoiseGit\bin;C:\Users\PC\AppData\Local\Microsoft\WindowsApps;C:\Users\PC\AppData\Roaming\npm;D:\ruanjian\vscode\Microsoft VS Code\bin;C:\Program Files\TortoiseSVN;D:\ruanjian\git\Git\usr\bin\vendor_perl;D:\ruanjian\git\Git\usr\bin\core_perl

Yarn version: 
  1.22.18

Node version: 
  16.14.2

Platform: 
  win32 x64

Trace: 
  Error: Can't answer a question unless a user TTY
      at ConsoleReporter.question (C:\Users\PC\AppData\Roaming\npm\node_modules\yarn\lib\cli.js:92857:59)
      at Object.<anonymous> (C:\Users\PC\AppData\Roaming\npm\node_modules\yarn\lib\cli.js:85047:38)
      at Generator.next (<anonymous>)
      at step (C:\Users\PC\AppData\Roaming\npm\node_modules\yarn\lib\cli.js:310:30)
      at C:\Users\PC\AppData\Roaming\npm\node_modules\yarn\lib\cli.js:321:13
      at processTicksAndRejections (node:internal/process/task_queues:96:5)

npm manifest: 
  No manifest

yarn manifest: 
  No manifest

Lockfile: 
  No lockfile
